== creating project geometry01 ==
== building docker image ==
[+] Building 0.1s (10/10) FINISHED                                                                                                           docker:colima
 => [internal] load build definition from Dockerfile                                                                                                  0.0s
 => => transferring dockerfile: 204B                                                                                                                  0.0s
 => [internal] load metadata for docker.io/library/python:3.11-slim                                                                                   0.0s
 => [internal] load .dockerignore                                                                                                                     0.0s
 => => transferring context: 2B                                                                                                                       0.0s
 => [1/5] FROM docker.io/library/python:3.11-slim@sha256:1dd3dca85e22886e44fcad1bb7ccab6691dfa83db52214cf9e20696e095f3e36                             0.0s
 => => resolve docker.io/library/python:3.11-slim@sha256:1dd3dca85e22886e44fcad1bb7ccab6691dfa83db52214cf9e20696e095f3e36                             0.0s
 => [internal] load build context                                                                                                                     0.0s
 => => transferring context: 2.54kB                                                                                                                   0.0s
 => CACHED [2/5] WORKDIR /app                                                                                                                         0.0s
 => CACHED [3/5] COPY requirements.txt .                                                                                                              0.0s
 => CACHED [4/5] RUN pip install --no-cache-dir -r requirements.txt                                                                                   0.0s
 => CACHED [5/5] COPY src/ ./src/                                                                                                                     0.0s
 => exporting to image                                                                                                                                0.0s
 => => exporting layers                                                                                                                               0.0s
 => => exporting manifest sha256:34df3db678af1181b08701d1877c49ed74ad909a5ca38b386889655a465e00ea                                                     0.0s
 => => exporting config sha256:509e2612e04e4ac5efb3024b099bb7bed5168fd967adcd45e5b0fc225de0c4ca                                                       0.0s
 => => exporting attestation manifest sha256:4183a4a538b2c37802779913ff7f17f9dbeca11b8f360847fa00ae5c0e32fe21                                         0.0s
 => => exporting manifest list sha256:89c4acf13abbb2d76b9f22f76302dd7148535c275b1ef20a87573266d6471959                                                0.0s
 => => naming to docker.io/library/belief-exp-d:latest                                                                                                0.0s
 => => unpacking to docker.io/library/belief-exp-d:latest                                                                                             0.0s
== running experiment ==
Experiment D finished.
== done ==
belief_pca.png	belief_umap.png	norms.csv	silhouette.csv
