./02_projection/run-projection02.sh
== building docker image ==
[+] Building 0.1s (10/10) FINISHED                                                                                                           docker:colima
 => [internal] load build definition from Dockerfile                                                                                                  0.0s
 => => transferring dockerfile: 193B                                                                                                                  0.0s
 => [internal] load metadata for docker.io/library/python:3.11-slim                                                                                   0.0s
 => [internal] load .dockerignore                                                                                                                     0.0s
 => => transferring context: 2B                                                                                                                       0.0s
 => [1/5] FROM docker.io/library/python:3.11-slim@sha256:1dd3dca85e22886e44fcad1bb7ccab6691dfa83db52214cf9e20696e095f3e36                             0.0s
 => => resolve docker.io/library/python:3.11-slim@sha256:1dd3dca85e22886e44fcad1bb7ccab6691dfa83db52214cf9e20696e095f3e36                             0.0s
 => [internal] load build context                                                                                                                     0.0s
 => => transferring context: 1.47kB                                                                                                                   0.0s
 => CACHED [2/5] WORKDIR /app                                                                                                                         0.0s
 => CACHED [3/5] COPY requirements.txt .                                                                                                              0.0s
 => CACHED [4/5] RUN pip install --no-cache-dir -r requirements.txt                                                                                   0.0s
 => [5/5] COPY src ./src                                                                                                                              0.0s
 => exporting to image                                                                                                                                0.0s
 => => exporting layers                                                                                                                               0.0s
 => => exporting manifest sha256:45657fb111f55ea99e457066492225c95e818701d898dce5ded6fda2688971a9                                                     0.0s
 => => exporting config sha256:64c059fe8d0d5b93c61a1355cf738fd6d9fd695a178d94cd98314c98fff94ff7                                                       0.0s
 => => exporting attestation manifest sha256:a9f321a7a2dfd3e60258e2dfe0e5a491fc27ec806dfd391c8fdf4bc8c89bb28a                                         0.0s
 => => exporting manifest list sha256:97d8152686946ca68a9b0fed41d7217ed593c94febca435ddd19e20211ef1653                                                0.0s
 => => naming to docker.io/library/fpg-exp:latest                                                                                                     0.0s
 => => unpacking to docker.io/library/fpg-exp:latest                                                                                                  0.0s
== running experiment ==
Experiment complete.
== done ==
norms.csv	norms.png	pca.png		umap.png
